#logging stats for session scenario_20220510_144137_250
#[Histogram log format version 1.0]
#[StartTime: 1652186499.659 (seconds since epoch), Tue May 10 14:41:39 CEST 2022]
#[TimeUnit: NANOSECONDS]
#Tag,Interval_Start,Interval_Length,count,min,p25,p50,p75,p90,p95,p98,p99,p999,p9999,max
Tag=cqlkeyvalue_default_main.resultset-size,151.852,8.149,8198,0,0,0,0,0,0,0,1,1,1,1
Tag=cqlkeyvalue_default_main.result,151.857,8.144,8198,116352,204671,265471,318207,364031,388607,427775,484351,824319,1802239,1802239
Tag=cqlkeyvalue_default_main.result-success,151.857,8.164,8218,123072,213887,279039,334847,381183,406783,448255,504831,847871,1818623,1818623
Tag=cqlkeyvalue_default_main.resultset-size,160.001,20.000,20000,0,0,0,0,0,0,0,1,1,1,1
Tag=cqlkeyvalue_default_main.result,160.001,20.001,20000,16944,223871,265983,315135,373503,414975,492543,637439,1206271,1808383,1988607
Tag=cqlkeyvalue_default_main.result-success,160.021,19.986,19986,116672,234495,278015,328959,391167,434943,511743,655359,1248255,1998847,2091007
Tag=cqlkeyvalue_default_main.resultset-size,180.001,20.000,20000,0,0,0,0,0,0,0,1,1,1,1
Tag=cqlkeyvalue_default_main.result,180.002,19.999,20001,2892,216831,271359,330239,388095,425727,544255,755199,23314431,45350911,58032127
Tag=cqlkeyvalue_default_main.result-success,180.007,20.000,20000,121856,226559,283647,345087,407039,444415,562175,770047,23330815,44892159,57180159
Tag=cqlkeyvalue_default_main.resultset-size,200.001,20.000,20000,0,0,0,0,0,0,0,1,1,1,1
Tag=cqlkeyvalue_default_main.result,200.001,20.000,19999,111296,230655,271103,313087,356863,391935,483839,658943,1006591,2043903,2912255
Tag=cqlkeyvalue_default_main.result-success,200.007,20.000,19999,117504,241663,283903,326911,371967,409343,499711,671743,1022463,2054143,2732031
Tag=cqlkeyvalue_default_main.resultset-size,220.001,20.000,20000,0,0,0,0,0,0,0,1,1,1,1
Tag=cqlkeyvalue_default_main.result,220.001,20.000,20000,114240,238975,276735,316159,358911,392703,476159,651775,1145855,4020223,6418431
Tag=cqlkeyvalue_default_main.result-success,220.007,19.998,19999,122112,250367,289279,329983,374015,409599,493567,665599,1181695,5320703,6438911
Tag=cqlkeyvalue_default_main.resultset-size,240.001,20.000,20000,0,0,0,0,0,0,0,1,1,1,1
Tag=cqlkeyvalue_default_main.result,240.001,20.000,20000,116928,272127,308735,348927,394239,425215,493567,692223,1053695,1932287,2115583
Tag=cqlkeyvalue_default_main.result-success,240.005,20.002,20002,122432,285695,323327,364543,412927,444671,510975,711679,1077247,1975295,3100671
Tag=cqlkeyvalue_default_main.resultset-size,260.001,20.000,20000,0,0,0,0,0,0,0,1,1,1,1
Tag=cqlkeyvalue_default_main.result,260.001,20.001,20000,113088,264191,305919,347647,383487,412927,484863,614399,1049599,2166783,2172927
Tag=cqlkeyvalue_default_main.result-success,260.007,20.000,20000,119872,276991,320511,363263,400127,430591,507391,627199,1062911,2174975,2185215
Tag=cqlkeyvalue_default_main.resultset-size,280.001,20.000,20000,0,0,0,0,0,0,0,1,1,1,1
Tag=cqlkeyvalue_default_main.result,280.002,19.999,20000,106944,242175,271871,304383,336895,366591,445695,638463,25870335,43450367,45678591
Tag=cqlkeyvalue_default_main.result-success,280.007,20.001,20000,112768,253951,283903,316671,350463,382207,461567,650751,25886719,43450367,45547519
Tag=cqlkeyvalue_default_main.resultset-size,300.001,19.994,1802,0,0,0,0,0,0,0,0,1,1,1
Tag=cqlkeyvalue_default_main.result,300.001,19.994,1802,160000,307455,338431,368895,401407,427263,493823,605695,2089983,2267135,2267135
Tag=cqlkeyvalue_default_main.result-success,300.008,19.990,1796,167936,323583,355327,385279,416767,447231,522751,656383,2101247,2287615,2287615
Tag=cqlkeyvalue_default_main.resultset-size,319.995,0.006,0,0,0,0,0,0,0,0,0,0,0,0
